Build started 3/20/2019 4:13:23 PM.
     1>Project "U:\CMPT130\RockPaperScissor\RockPaperScissor\RockPaperScissor.vcxproj" on node 2 (build target(s)).
     1>InitializeBuildStatus:
         Creating "Debug\RockPaperScissor.unsuccessfulbuild" because "AlwaysCreate" was specified.
       ClCompile:
         C:\Program Files (x86)\Microsoft Visual Studio 10.0\VC\bin\CL.exe /c /ZI /nologo /W3 /WX- /Od /Oy- /D WIN32 /D _DEBUG /D _CONSOLE /D _UNICODE /D UNICODE /Gm /EHsc /RTC1 /MDd /GS /fp:precise /Zc:wchar_t /Zc:forScope /Fo"Debug\\" /Fd"Debug\vc100.pdb" /Gd /TP /analyze- /errorReport:prompt Source.cpp
         Source.cpp
     1>u:\cmpt130\rockpaperscissor\rockpaperscissor\source.cpp(22): warning C4244: 'argument' : conversion from 'time_t' to 'unsigned int', possible loss of data
       ManifestResourceCompile:
         All outputs are up-to-date.
       Link:
         C:\Program Files (x86)\Microsoft Visual Studio 10.0\VC\bin\link.exe /ERRORREPORT:PROMPT /OUT:"U:\CMPT130\RockPaperScissor\Debug\RockPaperScissor.exe" /INCREMENTAL /NOLOGO kernel32.lib user32.lib gdi32.lib winspool.lib comdlg32.lib advapi32.lib shell32.lib ole32.lib oleaut32.lib uuid.lib odbc32.lib odbccp32.lib /MANIFEST /ManifestFile:"Debug\RockPaperScissor.exe.intermediate.manifest" /MANIFESTUAC:"level='asInvoker' uiAccess='false'" /DEBUG /PDB:"U:\CMPT130\RockPaperScissor\Debug\RockPaperScissor.pdb" /SUBSYSTEM:CONSOLE /TLBID:1 /DYNAMICBASE /NXCOMPAT /IMPLIB:"U:\CMPT130\RockPaperScissor\Debug\RockPaperScissor.lib" /MACHINE:X86 Debug\RockPaperScissor.exe.embed.manifest.res
         Debug\Source.obj
       Manifest:
         C:\Program Files (x86)\Microsoft SDKs\Windows\v7.0A\bin\mt.exe /nologo /verbose /out:"Debug\RockPaperScissor.exe.embed.manifest" /manifest Debug\RockPaperScissor.exe.intermediate.manifest
         All outputs are up-to-date.
       LinkEmbedManifest:
         All outputs are up-to-date.
         RockPaperScissor.vcxproj -> U:\CMPT130\RockPaperScissor\Debug\RockPaperScissor.exe
       FinalizeBuildStatus:
         Deleting file "Debug\RockPaperScissor.unsuccessfulbuild".
         Touching "Debug\RockPaperScissor.lastbuildstate".
     1>Done Building Project "U:\CMPT130\RockPaperScissor\RockPaperScissor\RockPaperScissor.vcxproj" (build target(s)).

Build succeeded.

Time Elapsed 00:00:03.06
